<?xml version="1.0" encoding="UTF-8"?>
<testsuite xmlns:xsi="http://www.w3.org/2001/XMLSchema-instance" xsi:noNamespaceSchemaLocation="https://maven.apache.org/surefire/maven-surefire-plugin/xsd/surefire-test-report.xsd" name="model.files_management.FileManagerTest" time="0.032" tests="3" errors="0" skipped="0" failures="0">
  <properties>
[...]
</properties>
  <testcase name="addFiles" classname="model.files_management.FileManagerTest" time="0.023"/>
  <testcase name="deleteFiles" classname="model.files_management.FileManagerTest" time="0"/>
  <testcase name="getFiles" classname="model.files_management.FileManagerTest" time="0"/>
</testsuite>